Using pre-set license
Built from '2020.3/staging' branch; Version is '2020.3.21f1 (a38c86f6690f) revision 10718342'; Using compiler version '192528614'; Build Type 'Release'
OS: 'Windows 10 Home; OS build 22000.434; Version 2009; 64bit' Language: 'en' Physical Memory: 16312 MB
BatchMode: 1, IsHumanControllingUs: 0, StartBugReporterOnCrash: 0, Is64bit: 1, IsPro: 0

COMMAND LINE ARGUMENTS:
C:\Program Files\Unity\Hub\Editor\2020.3.21f1\Editor\Unity.exe
-adb2
-batchMode
-noUpm
-name
AssetImportWorker0
-projectPath
C:/Users/seana/Game Repos/Roguelike-2D/Roguelike 2D
-logFile
Logs/AssetImportWorker0.log
-srvPort
52524
Successfully changed project path to: C:/Users/seana/Game Repos/Roguelike-2D/Roguelike 2D
C:/Users/seana/Game Repos/Roguelike-2D/Roguelike 2D
Using Asset Import Pipeline V2.
Refreshing native plugins compatible for Editor in 40.01 ms, found 3 plugins.
Preloading 0 native plugins for Editor in 0.00 ms.
Initialize engine version: 2020.3.21f1 (a38c86f6690f)
[Subsystems] Discovering subsystems at path C:/Program Files/Unity/Hub/Editor/2020.3.21f1/Editor/Data/Resources/UnitySubsystems
[Subsystems] Discovering subsystems at path C:/Users/seana/Game Repos/Roguelike-2D/Roguelike 2D/Assets
GfxDevice: creating device client; threaded=0
Direct3D:
    Version:  Direct3D 11.0 [level 11.1]
    Renderer: Radeon (TM) RX 480 Graphics (ID=0x67df)
    Vendor:   
    VRAM:     8171 MB
    Driver:   30.0.13023.1012
Initialize mono
Mono path[0] = 'C:/Program Files/Unity/Hub/Editor/2020.3.21f1/Editor/Data/Managed'
Mono path[1] = 'C:/Program Files/Unity/Hub/Editor/2020.3.21f1/Editor/Data/MonoBleedingEdge/lib/mono/unityjit'
Mono config path = 'C:/Program Files/Unity/Hub/Editor/2020.3.21f1/Editor/Data/MonoBleedingEdge/etc'
Using monoOptions --debugger-agent=transport=dt_socket,embedding=1,server=y,suspend=n,address=127.0.0.1:56876
Begin MonoManager ReloadAssembly
Registering precompiled unity dll's ...
Register platform support module: C:/Program Files/Unity/Hub/Editor/2020.3.21f1/Editor/Data/PlaybackEngines/WebGLSupport/UnityEditor.WebGL.Extensions.dll
Register platform support module: C:/Program Files/Unity/Hub/Editor/2020.3.21f1/Editor/Data/PlaybackEngines/WindowsStandaloneSupport/UnityEditor.WindowsStandalone.Extensions.dll
Registered in 0.001314 seconds.
Native extension for WindowsStandalone target not found
Native extension for WebGL target not found
Refreshing native plugins compatible for Editor in 40.07 ms, found 3 plugins.
Preloading 0 native plugins for Editor in 0.00 ms.
Mono: successfully reloaded assembly
- Completed reload, in  0.989 seconds
Domain Reload Profiling:
	ReloadAssembly (989ms)
		BeginReloadAssembly (44ms)
			ExecutionOrderSort (0ms)
			DisableScriptedObjects (0ms)
			BackupInstance (0ms)
			ReleaseScriptingObjects (0ms)
			CreateAndSetChildDomain (1ms)
		EndReloadAssembly (383ms)
			LoadAssemblies (41ms)
			RebuildTransferFunctionScriptingTraits (0ms)
			SetupTypeCache (127ms)
			ReleaseScriptCaches (0ms)
			RebuildScriptCaches (27ms)
			SetupLoadedEditorAssemblies (149ms)
				LogAssemblyErrors (0ms)
				InitializePlatformSupportModulesInManaged (4ms)
				SetLoadedEditorAssemblies (0ms)
				RefreshPlugins (40ms)
				BeforeProcessingInitializeOnLoad (14ms)
				ProcessInitializeOnLoadAttributes (67ms)
				ProcessInitializeOnLoadMethodAttributes (23ms)
				AfterProcessingInitializeOnLoad (0ms)
				EditorAssembliesLoaded (0ms)
			ExecutionOrderSort2 (0ms)
			AwakeInstancesAfterBackupRestoration (0ms)
Platform modules already initialized, skipping
Registering precompiled user dll's ...
Registered in 0.003220 seconds.
Begin MonoManager ReloadAssembly
Native extension for WindowsStandalone target not found
Native extension for WebGL target not found
Refreshing native plugins compatible for Editor in 35.94 ms, found 3 plugins.
Preloading 0 native plugins for Editor in 0.00 ms.
Mono: successfully reloaded assembly
- Completed reload, in  0.956 seconds
Domain Reload Profiling:
	ReloadAssembly (957ms)
		BeginReloadAssembly (118ms)
			ExecutionOrderSort (0ms)
			DisableScriptedObjects (4ms)
			BackupInstance (0ms)
			ReleaseScriptingObjects (0ms)
			CreateAndSetChildDomain (16ms)
		EndReloadAssembly (789ms)
			LoadAssemblies (73ms)
			RebuildTransferFunctionScriptingTraits (0ms)
			SetupTypeCache (270ms)
			ReleaseScriptCaches (0ms)
			RebuildScriptCaches (42ms)
			SetupLoadedEditorAssemblies (293ms)
				LogAssemblyErrors (0ms)
				InitializePlatformSupportModulesInManaged (4ms)
				SetLoadedEditorAssemblies (0ms)
				RefreshPlugins (36ms)
				BeforeProcessingInitializeOnLoad (66ms)
				ProcessInitializeOnLoadAttributes (170ms)
				ProcessInitializeOnLoadMethodAttributes (13ms)
				AfterProcessingInitializeOnLoad (4ms)
				EditorAssembliesLoaded (0ms)
			ExecutionOrderSort2 (0ms)
			AwakeInstancesAfterBackupRestoration (6ms)
Platform modules already initialized, skipping
========================================================================
Worker process is ready to serve import requests
Launched and connected shader compiler UnityShaderCompiler.exe after 0.07 seconds
Refreshing native plugins compatible for Editor in 0.41 ms, found 3 plugins.
Preloading 0 native plugins for Editor in 0.00 ms.
Unloading 2194 Unused Serialized files (Serialized files now loaded: 0)
System memory in use before: 95.8 MB.
System memory in use after: 95.9 MB.

Unloading 28 unused Assets to reduce memory usage. Loaded Objects now: 2628.
Total: 2.828600 ms (FindLiveObjects: 0.169400 ms CreateObjectMapping: 0.067600 ms MarkObjects: 2.493400 ms  DeleteObjects: 0.097400 ms)

AssetImportParameters requested are different than current active one (requested -> active):
  custom:framework-win-MediaFoundation: 216162199b28c13a410421893ffa2e32 -> 
  custom:video-decoder-ogg-theora: a1e56fd34408186e4bbccfd4996cb3dc -> 
  custom:container-muxer-webm: aa71ff27fc2769a1b78a27578f13a17b -> 
  custom:container-demuxer-webm: 4f35f7cbe854078d1ac9338744f61a02 -> 
  custom:container-demuxer-ogg: 62fdf1f143b41e24485cea50d1cbac27 -> 
  custom:video-encoder-webm-vp8: eb34c28f22e8b96e1ab97ce403110664 -> 
  custom:video-decoder-webm-vp8: 9c59270c3fd7afecdb556c50c9e8de78 -> 
  custom:audio-decoder-ogg-vorbis: bf7c407c2cedff20999df2af8eb42d56 -> 
  custom:audio-encoder-webm-vorbis: bf7c407c2cedff20999df2af8eb42d56 -> 
========================================================================
Received Import Request.
  path: Assets/Scenes
  artifactKey: Guid(0340ff5e54e0a544ba213987dd5f391f) Importer(815301076,1909f56bfc062723c751e8b465ee728b)
Start importing Assets/Scenes using Guid(0340ff5e54e0a544ba213987dd5f391f) Importer(815301076,1909f56bfc062723c751e8b465ee728b)  -> (artifact id: 'b1f688c16cd59d501cf1b635b54120e3') in 0.008121 seconds 
  Import took 0.010943 seconds .

========================================================================
Received Import Request.
  Time since last request: 16.494630 seconds.
  path: Assets/Scenes/Main.unity
  artifactKey: Guid(be0fc40a968c3b44da643fc086d37c14) Importer(815301076,1909f56bfc062723c751e8b465ee728b)
Start importing Assets/Scenes/Main.unity using Guid(be0fc40a968c3b44da643fc086d37c14) Importer(815301076,1909f56bfc062723c751e8b465ee728b)  -> (artifact id: 'bac4c03314bc7ca42500c29395e10e7b') in 0.017088 seconds 
  Import took 0.020716 seconds .

========================================================================
Received Import Request.
  Time since last request: 420.381891 seconds.
  path: Assets
  artifactKey: Guid(00000000000000001000000000000000) Importer(815301076,1909f56bfc062723c751e8b465ee728b)
Start importing Assets using Guid(00000000000000001000000000000000) Importer(815301076,1909f56bfc062723c751e8b465ee728b)  -> (artifact id: '42d402b061de3733987d63b9cc3b64de') in 0.010346 seconds 
  Import took 0.014569 seconds .

========================================================================
Received Import Request.
  Time since last request: 4.829180 seconds.
  path: Assets/Prefabs
  artifactKey: Guid(1e6349cf510c26f4fb8ed0c42b6de190) Importer(815301076,1909f56bfc062723c751e8b465ee728b)
Start importing Assets/Prefabs using Guid(1e6349cf510c26f4fb8ed0c42b6de190) Importer(815301076,1909f56bfc062723c751e8b465ee728b)  -> (artifact id: '213fcb43431f95742d18071ab98f77ba') in 0.007914 seconds 
  Import took 0.012071 seconds .

========================================================================
Received Import Request.
  Time since last request: 21.142594 seconds.
  path: Assets/Sprites/Scavengers_SpriteSheet.png
  artifactKey: Guid(fbe1e7b94bb1a4a099d5bcb15a00141c) Importer(815301076,1909f56bfc062723c751e8b465ee728b)
Start importing Assets/Sprites/Scavengers_SpriteSheet.png using Guid(fbe1e7b94bb1a4a099d5bcb15a00141c) Importer(815301076,1909f56bfc062723c751e8b465ee728b)  -> (artifact id: 'a4853ecb06ba38e412ab6b4d820e8dc4') in 0.195631 seconds 
  Import took 0.199987 seconds .

========================================================================
Received Import Request.
  Time since last request: 58.455774 seconds.
  path: Assets/Animations
  artifactKey: Guid(890f347d87efdfd448816f2bd2fd4bc8) Importer(815301076,1909f56bfc062723c751e8b465ee728b)
Start importing Assets/Animations using Guid(890f347d87efdfd448816f2bd2fd4bc8) Importer(815301076,1909f56bfc062723c751e8b465ee728b)  -> (artifact id: '33ce35f7c3f07ffd56bcb2bf57e96ee6') in 0.008602 seconds 
  Import took 0.012129 seconds .

========================================================================
Received Import Request.
  Time since last request: 5.487206 seconds.
  path: Assets/Animations/Anima
  artifactKey: Guid(894a48a8d1eec0c45b6cb6293da81445) Importer(815301076,1909f56bfc062723c751e8b465ee728b)
Start importing Assets/Animations/Anima using Guid(894a48a8d1eec0c45b6cb6293da81445) Importer(815301076,1909f56bfc062723c751e8b465ee728b)  -> (artifact id: '3e8573d75a97625c9640ac0caee07d64') in 0.007937 seconds 
  Import took 0.011896 seconds .

========================================================================
Received Import Request.
  Time since last request: 0.038351 seconds.
  path: Assets/Animations/Player.controller
  artifactKey: Guid(6f0732cbeb236eb4c996e3c42b9ea0d5) Importer(815301076,1909f56bfc062723c751e8b465ee728b)
Start importing Assets/Animations/Player.controller using Guid(6f0732cbeb236eb4c996e3c42b9ea0d5) Importer(815301076,1909f56bfc062723c751e8b465ee728b)  -> (artifact id: 'a070f30f50f075c120e611a32dd24e08') in 0.012334 seconds 
  Import took 0.015447 seconds .

========================================================================
Received Import Request.
  Time since last request: 18.481615 seconds.
  path: Assets/Animations/Animations
  artifactKey: Guid(a7e46839febfae84999d0b08f814994c) Importer(815301076,1909f56bfc062723c751e8b465ee728b)
Start importing Assets/Animations/Animations using Guid(a7e46839febfae84999d0b08f814994c) Importer(815301076,1909f56bfc062723c751e8b465ee728b)  -> (artifact id: 'b9cbc73d062278acb66c0831a51bb3d2') in 0.003609 seconds 
  Import took 0.007208 seconds .

========================================================================
Received Prepare
Registering precompiled user dll's ...
Registered in 0.003903 seconds.
Begin MonoManager ReloadAssembly
Native extension for WindowsStandalone target not found
Native extension for WebGL target not found
Refreshing native plugins compatible for Editor in 0.44 ms, found 3 plugins.
Preloading 0 native plugins for Editor in 0.00 ms.
Mono: successfully reloaded assembly
- Completed reload, in  0.946 seconds
Domain Reload Profiling:
	ReloadAssembly (946ms)
		BeginReloadAssembly (126ms)
			ExecutionOrderSort (0ms)
			DisableScriptedObjects (6ms)
			BackupInstance (0ms)
			ReleaseScriptingObjects (0ms)
			CreateAndSetChildDomain (40ms)
		EndReloadAssembly (736ms)
			LoadAssemblies (88ms)
			RebuildTransferFunctionScriptingTraits (0ms)
			SetupTypeCache (257ms)
			ReleaseScriptCaches (1ms)
			RebuildScriptCaches (37ms)
			SetupLoadedEditorAssemblies (274ms)
				LogAssemblyErrors (0ms)
				InitializePlatformSupportModulesInManaged (5ms)
				SetLoadedEditorAssemblies (0ms)
				RefreshPlugins (0ms)
				BeforeProcessingInitializeOnLoad (70ms)
				ProcessInitializeOnLoadAttributes (186ms)
				ProcessInitializeOnLoadMethodAttributes (8ms)
				AfterProcessingInitializeOnLoad (3ms)
				EditorAssembliesLoaded (0ms)
			ExecutionOrderSort2 (0ms)
			AwakeInstancesAfterBackupRestoration (7ms)
Platform modules already initialized, skipping
Refreshing native plugins compatible for Editor in 0.44 ms, found 3 plugins.
Preloading 0 native plugins for Editor in 0.00 ms.
Unloading 2183 Unused Serialized files (Serialized files now loaded: 0)
System memory in use before: 98.1 MB.
System memory in use after: 98.2 MB.

Unloading 17 unused Assets to reduce memory usage. Loaded Objects now: 2637.
Total: 3.146900 ms (FindLiveObjects: 0.192000 ms CreateObjectMapping: 0.087800 ms MarkObjects: 2.842000 ms  DeleteObjects: 0.021200 ms)

AssetImportParameters requested are different than current active one (requested -> active):
  custom:framework-win-MediaFoundation: 216162199b28c13a410421893ffa2e32 -> 
  custom:video-decoder-ogg-theora: a1e56fd34408186e4bbccfd4996cb3dc -> 
  custom:container-muxer-webm: aa71ff27fc2769a1b78a27578f13a17b -> 
  custom:container-demuxer-webm: 4f35f7cbe854078d1ac9338744f61a02 -> 
  custom:container-demuxer-ogg: 62fdf1f143b41e24485cea50d1cbac27 -> 
  custom:video-encoder-webm-vp8: eb34c28f22e8b96e1ab97ce403110664 -> 
  custom:video-decoder-webm-vp8: 9c59270c3fd7afecdb556c50c9e8de78 -> 
  custom:audio-decoder-ogg-vorbis: bf7c407c2cedff20999df2af8eb42d56 -> 
  custom:audio-encoder-webm-vorbis: bf7c407c2cedff20999df2af8eb42d56 -> 
========================================================================
Received Prepare
Registering precompiled user dll's ...
Registered in 0.003489 seconds.
Begin MonoManager ReloadAssembly
Native extension for WindowsStandalone target not found
Native extension for WebGL target not found
Refreshing native plugins compatible for Editor in 0.43 ms, found 3 plugins.
Preloading 0 native plugins for Editor in 0.00 ms.
Mono: successfully reloaded assembly
- Completed reload, in  0.904 seconds
Domain Reload Profiling:
	ReloadAssembly (905ms)
		BeginReloadAssembly (110ms)
			ExecutionOrderSort (0ms)
			DisableScriptedObjects (6ms)
			BackupInstance (0ms)
			ReleaseScriptingObjects (0ms)
			CreateAndSetChildDomain (35ms)
		EndReloadAssembly (741ms)
			LoadAssemblies (75ms)
			RebuildTransferFunctionScriptingTraits (0ms)
			SetupTypeCache (254ms)
			ReleaseScriptCaches (1ms)
			RebuildScriptCaches (38ms)
			SetupLoadedEditorAssemblies (277ms)
				LogAssemblyErrors (0ms)
				InitializePlatformSupportModulesInManaged (5ms)
				SetLoadedEditorAssemblies (0ms)
				RefreshPlugins (0ms)
				BeforeProcessingInitializeOnLoad (71ms)
				ProcessInitializeOnLoadAttributes (187ms)
				ProcessInitializeOnLoadMethodAttributes (9ms)
				AfterProcessingInitializeOnLoad (3ms)
				EditorAssembliesLoaded (0ms)
			ExecutionOrderSort2 (0ms)
			AwakeInstancesAfterBackupRestoration (10ms)
Platform modules already initialized, skipping
Refreshing native plugins compatible for Editor in 0.42 ms, found 3 plugins.
Preloading 0 native plugins for Editor in 0.00 ms.
Unloading 2183 Unused Serialized files (Serialized files now loaded: 0)
System memory in use before: 98.1 MB.
System memory in use after: 98.2 MB.

Unloading 17 unused Assets to reduce memory usage. Loaded Objects now: 2639.
Total: 3.343400 ms (FindLiveObjects: 0.189000 ms CreateObjectMapping: 0.065800 ms MarkObjects: 3.070700 ms  DeleteObjects: 0.016800 ms)

AssetImportParameters requested are different than current active one (requested -> active):
  custom:framework-win-MediaFoundation: 216162199b28c13a410421893ffa2e32 -> 
  custom:video-decoder-ogg-theora: a1e56fd34408186e4bbccfd4996cb3dc -> 
  custom:container-muxer-webm: aa71ff27fc2769a1b78a27578f13a17b -> 
  custom:container-demuxer-webm: 4f35f7cbe854078d1ac9338744f61a02 -> 
  custom:container-demuxer-ogg: 62fdf1f143b41e24485cea50d1cbac27 -> 
  custom:video-encoder-webm-vp8: eb34c28f22e8b96e1ab97ce403110664 -> 
  custom:video-decoder-webm-vp8: 9c59270c3fd7afecdb556c50c9e8de78 -> 
  custom:audio-decoder-ogg-vorbis: bf7c407c2cedff20999df2af8eb42d56 -> 
  custom:audio-encoder-webm-vorbis: bf7c407c2cedff20999df2af8eb42d56 -> 
========================================================================
Received Import Request.
  Time since last request: 240.718544 seconds.
  path: Assets/Animations/Animator Controllers/Player.controller
  artifactKey: Guid(6f0732cbeb236eb4c996e3c42b9ea0d5) Importer(815301076,1909f56bfc062723c751e8b465ee728b)
Start importing Assets/Animations/Animator Controllers/Player.controller using Guid(6f0732cbeb236eb4c996e3c42b9ea0d5) Importer(815301076,1909f56bfc062723c751e8b465ee728b)  -> (artifact id: 'c179eb6270252db92647e6cea9246c61') in 0.012952 seconds 
  Import took 0.016887 seconds .

========================================================================
Received Import Request.
  Time since last request: 163.457081 seconds.
  path: Assets/Prefabs/Player.prefab
  artifactKey: Guid(bb8037d67547dc84398cc454040d78ad) Importer(815301076,1909f56bfc062723c751e8b465ee728b)
Start importing Assets/Prefabs/Player.prefab using Guid(bb8037d67547dc84398cc454040d78ad) Importer(815301076,1909f56bfc062723c751e8b465ee728b)  -> (artifact id: 'e570efd474a08b1757f41c2839afa066') in 0.017184 seconds 
  Import took 0.021324 seconds .

========================================================================
Received Import Request.
  Time since last request: 166.295663 seconds.
  path: Assets/Prefabs/Enemy1.prefab
  artifactKey: Guid(eef92b3eb3090e04891677782a893787) Importer(815301076,1909f56bfc062723c751e8b465ee728b)
Start importing Assets/Prefabs/Enemy1.prefab using Guid(eef92b3eb3090e04891677782a893787) Importer(815301076,1909f56bfc062723c751e8b465ee728b)  -> (artifact id: '2bc61dc841e2348082568ff99bbcf341') in 0.009218 seconds 
  Import took 0.013297 seconds .

========================================================================
Received Import Request.
  Time since last request: 104.548588 seconds.
  path: Assets/Animations/Animator Controllers/Enemy1.controller
  artifactKey: Guid(5c7f932cc3e4bdc4eba283602e63f52f) Importer(815301076,1909f56bfc062723c751e8b465ee728b)
Start importing Assets/Animations/Animator Controllers/Enemy1.controller using Guid(5c7f932cc3e4bdc4eba283602e63f52f) Importer(815301076,1909f56bfc062723c751e8b465ee728b)  -> (artifact id: '8f71e7db9d36bc24ae0fe0111f6b851a') in 0.004219 seconds 
  Import took 0.007745 seconds .

========================================================================
Received Import Request.
  Time since last request: 27.417188 seconds.
  path: Assets/Animations/Animator Controllers/Enemy1.controller
  artifactKey: Guid(5c7f932cc3e4bdc4eba283602e63f52f) Importer(815301076,1909f56bfc062723c751e8b465ee728b)
Start importing Assets/Animations/Animator Controllers/Enemy1.controller using Guid(5c7f932cc3e4bdc4eba283602e63f52f) Importer(815301076,1909f56bfc062723c751e8b465ee728b)  -> (artifact id: '55accb81b3c6c4759c95cb29eba7645b') in 0.003917 seconds 
  Import took 0.007475 seconds .

========================================================================
Received Import Request.
  Time since last request: 25.827214 seconds.
  path: Assets/Animations/Animator Controllers
  artifactKey: Guid(894a48a8d1eec0c45b6cb6293da81445) Importer(815301076,1909f56bfc062723c751e8b465ee728b)
Start importing Assets/Animations/Animator Controllers using Guid(894a48a8d1eec0c45b6cb6293da81445) Importer(815301076,1909f56bfc062723c751e8b465ee728b)  -> (artifact id: 'fab23093f0aacc09a9c90d153a88dc72') in 0.009805 seconds 
  Import took 0.013413 seconds .

========================================================================
Received Import Request.
  Time since last request: 7.501396 seconds.
  path: Assets/Animations/Animator Controllers/Enemy2.overrideController
  artifactKey: Guid(e2c61deaa82071b4dae9c92d0319fc2f) Importer(815301076,1909f56bfc062723c751e8b465ee728b)
Start importing Assets/Animations/Animator Controllers/Enemy2.overrideController using Guid(e2c61deaa82071b4dae9c92d0319fc2f) Importer(815301076,1909f56bfc062723c751e8b465ee728b)  -> (artifact id: '6442cc31b1b64aa070c66f3d72dd8260') in 0.010315 seconds 
  Import took 0.015030 seconds .

========================================================================
Received Prepare
Registering precompiled user dll's ...
Registered in 0.003137 seconds.
Begin MonoManager ReloadAssembly
Native extension for WindowsStandalone target not found
Native extension for WebGL target not found
Refreshing native plugins compatible for Editor in 0.45 ms, found 3 plugins.
Preloading 0 native plugins for Editor in 0.00 ms.
Mono: successfully reloaded assembly
- Completed reload, in  0.887 seconds
Domain Reload Profiling:
	ReloadAssembly (888ms)
		BeginReloadAssembly (106ms)
			ExecutionOrderSort (0ms)
			DisableScriptedObjects (6ms)
			BackupInstance (0ms)
			ReleaseScriptingObjects (0ms)
			CreateAndSetChildDomain (36ms)
		EndReloadAssembly (721ms)
			LoadAssemblies (90ms)
			RebuildTransferFunctionScriptingTraits (0ms)
			SetupTypeCache (253ms)
			ReleaseScriptCaches (1ms)
			RebuildScriptCaches (36ms)
			SetupLoadedEditorAssemblies (260ms)
				LogAssemblyErrors (0ms)
				InitializePlatformSupportModulesInManaged (5ms)
				SetLoadedEditorAssemblies (0ms)
				RefreshPlugins (0ms)
				BeforeProcessingInitializeOnLoad (69ms)
				ProcessInitializeOnLoadAttributes (172ms)
				ProcessInitializeOnLoadMethodAttributes (10ms)
				AfterProcessingInitializeOnLoad (3ms)
				EditorAssembliesLoaded (0ms)
			ExecutionOrderSort2 (0ms)
			AwakeInstancesAfterBackupRestoration (7ms)
Platform modules already initialized, skipping
Refreshing native plugins compatible for Editor in 0.42 ms, found 3 plugins.
Preloading 0 native plugins for Editor in 0.00 ms.
Unloading 2183 Unused Serialized files (Serialized files now loaded: 0)
System memory in use before: 98.2 MB.
System memory in use after: 98.3 MB.

Unloading 17 unused Assets to reduce memory usage. Loaded Objects now: 2641.
Total: 2.845500 ms (FindLiveObjects: 0.177600 ms CreateObjectMapping: 0.076300 ms MarkObjects: 2.576000 ms  DeleteObjects: 0.014700 ms)

AssetImportParameters requested are different than current active one (requested -> active):
  custom:framework-win-MediaFoundation: 216162199b28c13a410421893ffa2e32 -> 
  custom:video-decoder-ogg-theora: a1e56fd34408186e4bbccfd4996cb3dc -> 
  custom:container-muxer-webm: aa71ff27fc2769a1b78a27578f13a17b -> 
  custom:container-demuxer-webm: 4f35f7cbe854078d1ac9338744f61a02 -> 
  custom:container-demuxer-ogg: 62fdf1f143b41e24485cea50d1cbac27 -> 
  custom:video-encoder-webm-vp8: eb34c28f22e8b96e1ab97ce403110664 -> 
  custom:video-decoder-webm-vp8: 9c59270c3fd7afecdb556c50c9e8de78 -> 
  custom:audio-decoder-ogg-vorbis: bf7c407c2cedff20999df2af8eb42d56 -> 
  custom:audio-encoder-webm-vorbis: bf7c407c2cedff20999df2af8eb42d56 -> 
========================================================================
Received Import Request.
  Time since last request: 58.079336 seconds.
  path: Assets/Prefabs/Enemy2.prefab
  artifactKey: Guid(1f10f8e8cbd481d428d52364d94dfda5) Importer(815301076,1909f56bfc062723c751e8b465ee728b)
Start importing Assets/Prefabs/Enemy2.prefab using Guid(1f10f8e8cbd481d428d52364d94dfda5) Importer(815301076,1909f56bfc062723c751e8b465ee728b)  -> (artifact id: '11f8a1078227fc646f3ce422b222042a') in 0.021275 seconds 
  Import took 0.024801 seconds .

